mode: atomic
github.com/NamanBalaji/flux/pkg/queue/queue.go:14.24,19.2 3 4
github.com/NamanBalaji/flux/pkg/queue/queue.go:21.47,27.2 4 106
github.com/NamanBalaji/flux/pkg/queue/queue.go:29.44,33.27 3 102
github.com/NamanBalaji/flux/pkg/queue/queue.go:33.27,35.3 1 1
github.com/NamanBalaji/flux/pkg/queue/queue.go:37.2,40.12 3 102
github.com/NamanBalaji/flux/pkg/queue/queue.go:43.41,47.27 3 1
github.com/NamanBalaji/flux/pkg/queue/queue.go:47.27,49.3 1 0
github.com/NamanBalaji/flux/pkg/queue/queue.go:51.2,53.12 2 1
github.com/NamanBalaji/flux/pkg/queue/queue.go:56.27,61.2 3 5
github.com/NamanBalaji/flux/pkg/queue/queue.go:63.51,68.2 3 2
github.com/NamanBalaji/flux/pkg/queue/queue.go:70.59,74.43 3 1
github.com/NamanBalaji/flux/pkg/queue/queue.go:74.43,76.3 1 0
github.com/NamanBalaji/flux/pkg/queue/queue.go:79.2,85.13 5 1
github.com/NamanBalaji/flux/pkg/broker/subscriber/subscriber.go:34.66,43.2 2 4
github.com/NamanBalaji/flux/pkg/broker/subscriber/subscriber.go:45.55,48.2 2 4
github.com/NamanBalaji/flux/pkg/broker/subscriber/subscriber.go:50.92,53.6 2 2
github.com/NamanBalaji/flux/pkg/broker/subscriber/subscriber.go:53.6,54.10 1 4
github.com/NamanBalaji/flux/pkg/broker/subscriber/subscriber.go:55.21,57.10 2 0
github.com/NamanBalaji/flux/pkg/broker/subscriber/subscriber.go:58.11,60.19 2 4
github.com/NamanBalaji/flux/pkg/broker/subscriber/subscriber.go:60.19,65.5 3 1
github.com/NamanBalaji/flux/pkg/broker/subscriber/subscriber.go:66.4,70.18 4 3
github.com/NamanBalaji/flux/pkg/broker/subscriber/subscriber.go:70.18,77.5 5 1
github.com/NamanBalaji/flux/pkg/broker/subscriber/subscriber.go:77.10,83.5 4 1
github.com/NamanBalaji/flux/pkg/broker/subscriber/subscriber.go:88.120,96.16 3 3
github.com/NamanBalaji/flux/pkg/broker/subscriber/subscriber.go:96.16,98.3 1 0
github.com/NamanBalaji/flux/pkg/broker/subscriber/subscriber.go:100.2,104.49 2 3
github.com/NamanBalaji/flux/pkg/broker/subscriber/subscriber.go:104.49,105.35 1 3
github.com/NamanBalaji/flux/pkg/broker/subscriber/subscriber.go:105.35,107.4 1 0
github.com/NamanBalaji/flux/pkg/broker/subscriber/subscriber.go:109.3,110.17 2 3
github.com/NamanBalaji/flux/pkg/broker/subscriber/subscriber.go:110.17,112.4 1 0
github.com/NamanBalaji/flux/pkg/broker/subscriber/subscriber.go:113.3,117.53 4 3
github.com/NamanBalaji/flux/pkg/broker/subscriber/subscriber.go:117.53,121.4 2 1
github.com/NamanBalaji/flux/pkg/broker/subscriber/subscriber.go:121.9,123.4 1 2
github.com/NamanBalaji/flux/pkg/broker/subscriber/subscriber.go:125.3,125.38 1 2
github.com/NamanBalaji/flux/pkg/broker/subscriber/subscriber.go:125.38,126.11 1 1
github.com/NamanBalaji/flux/pkg/broker/subscriber/subscriber.go:127.22,128.57 1 1
github.com/NamanBalaji/flux/pkg/broker/subscriber/subscriber.go:129.75,130.127 1 0
github.com/NamanBalaji/flux/pkg/broker/subscriber/subscriber.go:135.2,135.89 1 1
github.com/NamanBalaji/flux/pkg/message/message.go:19.53,26.2 1 8
github.com/NamanBalaji/flux/pkg/message/message.go:28.49,34.2 4 103
github.com/NamanBalaji/flux/pkg/message/message.go:36.59,42.2 4 205
github.com/NamanBalaji/flux/pkg/message/message.go:44.62,50.2 4 101
github.com/NamanBalaji/flux/pkg/message/message.go:52.56,58.36 4 3
github.com/NamanBalaji/flux/pkg/message/message.go:58.36,59.13 1 3
github.com/NamanBalaji/flux/pkg/message/message.go:59.13,62.9 2 1
github.com/NamanBalaji/flux/pkg/message/message.go:66.2,66.84 1 3
